INFO [2021-09-14 08:06:52] $x
INFO [2021-09-14 08:06:52] list(Pinnacle, Nearshore, Offshore)
INFO [2021-09-14 08:06:52] 
INFO [2021-09-14 08:06:52] $category.names
INFO [2021-09-14 08:06:52] c("Pinnacle (53)", "Nearshore (22)", "Offshore (19)")
INFO [2021-09-14 08:06:52] 
INFO [2021-09-14 08:06:52] $filename
INFO [2021-09-14 08:06:52] [1] "../../output/rfigures/preds_venn_fig2.png"
INFO [2021-09-14 08:06:52] 
INFO [2021-09-14 08:06:52] $output
INFO [2021-09-14 08:06:52] [1] TRUE
INFO [2021-09-14 08:06:52] 
INFO [2021-09-14 08:06:52] $height
INFO [2021-09-14 08:06:52] [1] 3200
INFO [2021-09-14 08:06:52] 
INFO [2021-09-14 08:06:52] $width
INFO [2021-09-14 08:06:52] [1] 3200
INFO [2021-09-14 08:06:52] 
INFO [2021-09-14 08:06:52] $resolution
INFO [2021-09-14 08:06:52] [1] 300
INFO [2021-09-14 08:06:52] 
INFO [2021-09-14 08:06:52] $compression
INFO [2021-09-14 08:06:52] [1] "lzw"
INFO [2021-09-14 08:06:52] 
INFO [2021-09-14 08:06:52] $units
INFO [2021-09-14 08:06:52] [1] "px"
INFO [2021-09-14 08:06:52] 
INFO [2021-09-14 08:06:52] $lwd
INFO [2021-09-14 08:06:52] [1] 6
INFO [2021-09-14 08:06:52] 
INFO [2021-09-14 08:06:52] $cex
INFO [2021-09-14 08:06:52] [1] 5
INFO [2021-09-14 08:06:52] 
INFO [2021-09-14 08:06:52] $fontface
INFO [2021-09-14 08:06:52] [1] "plain"
INFO [2021-09-14 08:06:52] 
INFO [2021-09-14 08:06:52] $fontfamily
INFO [2021-09-14 08:06:52] [1] "sans"
INFO [2021-09-14 08:06:52] 
INFO [2021-09-14 08:06:52] $cat.cex
INFO [2021-09-14 08:06:52] [1] 4
INFO [2021-09-14 08:06:52] 
INFO [2021-09-14 08:06:52] $cat.fontface
INFO [2021-09-14 08:06:52] [1] "plain"
INFO [2021-09-14 08:06:52] 
INFO [2021-09-14 08:06:52] $cat.default.pos
INFO [2021-09-14 08:06:52] [1] "outer"
INFO [2021-09-14 08:06:52] 
INFO [2021-09-14 08:06:52] $cat.pos
INFO [2021-09-14 08:06:52] c(340, 20, 135)
INFO [2021-09-14 08:06:52] 
INFO [2021-09-14 08:06:52] $cat.dist
INFO [2021-09-14 08:06:52] c(0.07, 0.07, 0.1)
INFO [2021-09-14 08:06:52] 
INFO [2021-09-14 08:06:52] $cat.fontfamily
INFO [2021-09-14 08:06:52] [1] "sans"
INFO [2021-09-14 08:06:52] 
INFO [2021-09-14 08:06:52] $rotation
INFO [2021-09-14 08:06:52] [1] 1
INFO [2021-09-14 08:06:52] 
