INFO [2021-09-19 15:33:22] $x
INFO [2021-09-19 15:33:22] list(Pinnacle, Nearshore, Offshore)
INFO [2021-09-19 15:33:22] 
INFO [2021-09-19 15:33:22] $category.names
INFO [2021-09-19 15:33:22] c("Pinnacle (53)", "Nearshore (22)", "Offshore (19)")
INFO [2021-09-19 15:33:22] 
INFO [2021-09-19 15:33:22] $filename
INFO [2021-09-19 15:33:22] [1] "../../output/rfigures/preds_venn_fig2.png"
INFO [2021-09-19 15:33:22] 
INFO [2021-09-19 15:33:22] $output
INFO [2021-09-19 15:33:22] [1] TRUE
INFO [2021-09-19 15:33:22] 
INFO [2021-09-19 15:33:22] $height
INFO [2021-09-19 15:33:22] [1] 3200
INFO [2021-09-19 15:33:22] 
INFO [2021-09-19 15:33:22] $width
INFO [2021-09-19 15:33:22] [1] 3200
INFO [2021-09-19 15:33:22] 
INFO [2021-09-19 15:33:22] $resolution
INFO [2021-09-19 15:33:22] [1] 300
INFO [2021-09-19 15:33:22] 
INFO [2021-09-19 15:33:22] $compression
INFO [2021-09-19 15:33:22] [1] "lzw"
INFO [2021-09-19 15:33:22] 
INFO [2021-09-19 15:33:22] $units
INFO [2021-09-19 15:33:22] [1] "px"
INFO [2021-09-19 15:33:22] 
INFO [2021-09-19 15:33:22] $lwd
INFO [2021-09-19 15:33:22] [1] 6
INFO [2021-09-19 15:33:22] 
INFO [2021-09-19 15:33:22] $cex
INFO [2021-09-19 15:33:22] [1] 5
INFO [2021-09-19 15:33:22] 
INFO [2021-09-19 15:33:22] $fontface
INFO [2021-09-19 15:33:22] [1] "plain"
INFO [2021-09-19 15:33:22] 
INFO [2021-09-19 15:33:22] $fontfamily
INFO [2021-09-19 15:33:22] [1] "sans"
INFO [2021-09-19 15:33:22] 
INFO [2021-09-19 15:33:22] $cat.cex
INFO [2021-09-19 15:33:22] [1] 4
INFO [2021-09-19 15:33:22] 
INFO [2021-09-19 15:33:22] $cat.fontface
INFO [2021-09-19 15:33:22] [1] "plain"
INFO [2021-09-19 15:33:22] 
INFO [2021-09-19 15:33:22] $cat.default.pos
INFO [2021-09-19 15:33:22] [1] "outer"
INFO [2021-09-19 15:33:22] 
INFO [2021-09-19 15:33:22] $cat.pos
INFO [2021-09-19 15:33:22] c(340, 20, 135)
INFO [2021-09-19 15:33:22] 
INFO [2021-09-19 15:33:22] $cat.dist
INFO [2021-09-19 15:33:22] c(0.07, 0.07, 0.1)
INFO [2021-09-19 15:33:22] 
INFO [2021-09-19 15:33:22] $cat.fontfamily
INFO [2021-09-19 15:33:22] [1] "sans"
INFO [2021-09-19 15:33:22] 
INFO [2021-09-19 15:33:22] $rotation
INFO [2021-09-19 15:33:22] [1] 1
INFO [2021-09-19 15:33:22] 
